SF:lib\data\datasources\movie_remote_data_source.dart
DA:24,1
DA:27,1
DA:29,5
DA:31,2
DA:32,4
DA:34,1
DA:39,1
DA:41,5
DA:43,2
DA:44,3
DA:46,1
DA:51,1
DA:52,2
DA:53,3
DA:55,2
DA:56,4
DA:58,1
DA:63,1
DA:65,5
DA:67,2
DA:68,4
DA:70,1
DA:75,1
DA:77,5
DA:79,2
DA:80,4
DA:82,1
DA:87,1
DA:88,2
DA:89,3
DA:91,2
DA:92,4
DA:94,1
LF:33
LH:33
end_of_record
SF:lib\data\models\movie_detail_model.dart
DA:6,2
DA:52,2
DA:53,2
DA:54,2
DA:55,2
DA:56,2
DA:57,2
DA:58,8
DA:59,2
DA:60,2
DA:61,2
DA:62,2
DA:63,2
DA:64,2
DA:65,4
DA:66,2
DA:67,2
DA:68,2
DA:69,2
DA:70,2
DA:71,2
DA:72,2
DA:73,2
DA:74,4
DA:75,2
DA:78,2
DA:79,1
DA:80,1
DA:81,1
DA:82,5
DA:83,1
DA:84,1
DA:85,1
DA:86,1
DA:87,1
DA:88,1
DA:89,1
DA:90,1
DA:91,1
DA:92,1
DA:93,1
DA:94,1
DA:95,1
DA:96,1
DA:97,1
DA:98,1
DA:99,1
DA:102,1
DA:103,1
DA:104,1
DA:105,1
DA:106,5
DA:107,1
DA:108,1
DA:109,1
DA:110,1
DA:111,1
DA:112,1
DA:113,1
DA:114,1
DA:115,1
DA:119,1
DA:120,1
DA:121,1
DA:122,1
DA:123,1
DA:124,1
DA:125,1
DA:126,1
DA:127,1
DA:128,1
DA:129,1
DA:130,1
DA:131,1
DA:132,1
DA:133,1
DA:134,1
DA:135,1
DA:136,1
DA:137,1
DA:138,1
DA:139,1
DA:140,1
DA:141,1
LF:84
LH:84
end_of_record
SF:lib\data\models\movie_response.dart
DA:7,2
DA:9,4
DA:10,4
DA:11,6
DA:12,6
DA:15,2
DA:16,5
DA:19,1
DA:20,2
LF:9
LH:9
end_of_record
SF:lib\data\models\movie_model.dart
DA:5,4
DA:35,4
DA:36,2
DA:37,2
DA:38,8
DA:39,2
DA:40,2
DA:41,2
DA:42,4
DA:43,2
DA:44,2
DA:45,2
DA:46,2
DA:47,4
DA:48,2
DA:51,2
DA:52,1
DA:53,1
DA:54,4
DA:55,1
DA:56,1
DA:57,1
DA:58,1
DA:59,1
DA:60,1
DA:61,1
DA:62,1
DA:63,1
DA:64,1
DA:67,2
DA:68,2
DA:69,2
DA:70,2
DA:71,2
DA:72,2
DA:73,2
DA:74,2
DA:75,2
DA:76,2
DA:77,2
DA:78,2
DA:79,2
DA:80,2
DA:81,2
DA:85,2
DA:86,2
DA:87,2
DA:88,2
DA:89,2
DA:90,2
DA:91,2
DA:92,2
DA:93,2
DA:94,2
DA:95,2
DA:96,2
DA:97,2
DA:98,2
DA:99,2
LF:59
LH:59
end_of_record
SF:lib\domain\entities\movie.dart
DA:5,11
DA:21,2
DA:42,8
DA:43,8
DA:44,8
DA:45,8
DA:46,8
DA:47,8
DA:48,8
DA:49,8
DA:50,8
DA:51,8
DA:52,8
DA:53,8
DA:54,8
DA:55,8
DA:56,8
LF:17
LH:17
end_of_record
SF:lib\domain\entities\movie_detail.dart
DA:5,6
DA:33,1
DA:34,1
DA:35,1
DA:36,1
DA:37,1
DA:38,1
DA:39,1
DA:40,1
DA:41,1
DA:42,1
DA:43,1
DA:44,1
DA:45,1
LF:14
LH:14
end_of_record
SF:lib\data\repositories\movie_repository_impl.dart
DA:13,2
DA:14,1
DA:15,1
DA:16,1
DA:17,1
DA:21,2
DA:22,1
DA:23,1
DA:24,1
DA:25,1
DA:33,1
DA:39,1
DA:41,3
DA:42,5
DA:43,1
DA:44,2
DA:45,1
DA:46,2
DA:51,1
DA:53,3
DA:54,2
DA:55,1
DA:56,2
DA:57,1
DA:58,2
DA:63,1
DA:65,3
DA:66,3
DA:67,1
DA:68,2
DA:69,1
DA:70,2
DA:75,1
DA:77,3
DA:78,5
DA:79,1
DA:80,2
DA:81,1
DA:82,2
DA:87,1
DA:89,3
DA:90,5
DA:91,1
DA:92,2
DA:93,1
DA:94,2
DA:99,1
DA:101,3
DA:102,5
DA:103,1
DA:104,2
DA:105,1
DA:106,2
DA:111,1
DA:113,2
DA:114,2
DA:115,1
DA:116,1
DA:117,3
DA:124,1
DA:126,2
DA:127,2
DA:128,1
DA:129,1
DA:130,3
DA:135,1
DA:136,3
DA:141,1
DA:142,3
DA:143,5
LF:70
LH:70
end_of_record
SF:lib\domain\usecases\watchlist\get_movie_watchlist_status.dart
DA:6,1
DA:8,1
DA:9,2
LF:3
LH:3
end_of_record
SF:lib\domain\usecases\get_movie_detail.dart
DA:9,1
DA:11,1
DA:12,2
LF:3
LH:3
end_of_record
SF:lib\domain\usecases\get_movie_recommendations.dart
DA:9,1
DA:11,1
DA:12,2
LF:3
LH:3
end_of_record
SF:lib\domain\usecases\get_now_playing_movies.dart
DA:9,1
DA:11,1
DA:12,2
LF:3
LH:3
end_of_record
SF:lib\domain\usecases\get_popular_movies.dart
DA:9,1
DA:11,1
DA:12,2
LF:3
LH:3
end_of_record
SF:lib\domain\usecases\get_top_rated_movies.dart
DA:9,1
DA:11,1
DA:12,2
LF:3
LH:3
end_of_record
SF:lib\domain\usecases\search_movies.dart
DA:9,1
DA:11,1
DA:12,2
LF:3
LH:3
end_of_record
SF:lib\domain\usecases\watchlist\get_watchlist_movies.dart
DA:9,1
DA:11,1
DA:12,2
LF:3
LH:3
end_of_record
SF:lib\domain\usecases\watchlist\remove_movie_watchlist.dart
DA:9,1
DA:11,1
DA:12,2
LF:3
LH:3
end_of_record
SF:lib\domain\usecases\watchlist\save_movie_watchlist.dart
DA:9,1
DA:11,1
DA:12,2
LF:3
LH:3
end_of_record
SF:lib\presentation\cubit\list\movie_list_cubit.dart
DA:16,1
DA:20,2
DA:22,1
DA:23,3
DA:25,3
DA:27,1
DA:28,1
DA:29,3
DA:31,1
DA:34,1
DA:35,3
DA:43,1
DA:44,3
DA:46,3
DA:48,1
DA:49,1
DA:50,3
DA:52,1
DA:55,1
DA:56,3
DA:64,1
DA:65,3
DA:67,3
DA:69,1
DA:70,1
DA:71,3
DA:73,1
DA:76,1
DA:77,3
LF:29
LH:29
end_of_record
SF:lib\presentation\cubit\list\movie_list_state.dart
DA:12,20
DA:22,1
DA:34,1
DA:43,1
DA:44,1
DA:45,1
DA:46,1
DA:47,1
DA:48,1
DA:49,1
DA:50,1
DA:54,1
DA:55,1
DA:56,1
DA:57,1
DA:58,1
DA:59,1
DA:60,1
DA:61,1
DA:62,1
LF:20
LH:20
end_of_record
SF:lib\presentation\cubit\detail\movie_detail_cubit.dart
DA:24,1
DA:30,2
DA:32,1
DA:33,3
DA:35,3
DA:36,3
DA:38,1
DA:39,1
DA:40,3
DA:42,1
DA:45,1
DA:46,3
DA:51,1
DA:52,1
DA:53,3
DA:55,1
DA:58,1
DA:59,3
DA:69,1
DA:70,3
DA:72,3
DA:74,2
DA:75,1
DA:76,3
DA:77,1
DA:80,1
DA:81,3
DA:87,3
DA:90,1
DA:91,3
DA:93,3
DA:95,2
DA:96,1
DA:97,3
DA:98,1
DA:101,1
DA:102,3
DA:108,3
DA:111,1
DA:112,3
DA:113,3
LF:41
LH:41
end_of_record
SF:lib\presentation\cubit\detail\movie_detail_state.dart
DA:12,21
DA:22,2
DA:34,2
DA:43,2
DA:44,2
DA:45,1
DA:46,2
DA:47,2
DA:48,2
DA:49,2
DA:50,2
DA:54,1
DA:55,1
DA:56,1
DA:57,1
DA:58,1
DA:59,1
DA:60,1
DA:61,1
LF:19
LH:19
end_of_record
SF:lib\presentation\cubit\search\movie_search_state.dart
DA:8,20
DA:14,1
DA:22,1
DA:27,1
DA:28,1
DA:29,1
DA:30,1
DA:34,1
DA:35,4
LF:9
LH:9
end_of_record
SF:lib\presentation\cubit\search\movie_search_cubit.dart
DA:12,1
DA:14,2
DA:16,1
DA:17,3
DA:19,3
DA:21,1
DA:22,1
DA:23,3
DA:25,1
DA:28,1
DA:29,3
LF:11
LH:11
end_of_record
SF:lib\presentation\cubit\popular\movie_popular_state.dart
DA:8,21
DA:14,2
DA:22,2
DA:27,2
DA:28,1
DA:29,2
DA:30,2
DA:34,1
DA:35,4
LF:9
LH:9
end_of_record
SF:lib\presentation\cubit\popular\movie_popular_cubit.dart
DA:12,3
DA:14,1
DA:15,3
DA:17,3
DA:19,1
DA:20,1
DA:21,3
DA:23,1
DA:26,1
DA:27,3
LF:10
LH:10
end_of_record
SF:lib\presentation\cubit\top_rated\movie_top_rated_cubit.dart
DA:12,1
DA:14,2
DA:16,1
DA:17,3
DA:19,3
DA:21,1
DA:22,1
DA:23,3
DA:25,1
DA:28,1
DA:29,3
LF:11
LH:11
end_of_record
SF:lib\presentation\cubit\top_rated\movie_top_rated_state.dart
DA:8,21
DA:14,2
DA:22,2
DA:27,2
DA:28,1
DA:29,2
DA:30,2
DA:34,1
DA:35,4
LF:9
LH:9
end_of_record
SF:lib\presentation\cubit\watchlist\movie_watchlist_cubit.dart
DA:12,1
DA:14,2
DA:16,1
DA:17,3
DA:19,3
DA:21,1
DA:22,1
DA:23,3
DA:25,1
DA:28,1
DA:29,3
LF:11
LH:11
end_of_record
SF:lib\presentation\cubit\watchlist\movie_watchlist_state.dart
DA:8,20
DA:14,1
DA:22,1
DA:27,1
DA:28,1
DA:29,1
DA:30,1
DA:34,1
DA:35,4
LF:9
LH:9
end_of_record
SF:lib\presentation\pages\home_movie_page.dart
DA:12,0
DA:13,0
DA:17,0
DA:19,0
DA:20,0
DA:21,0
DA:22,0
DA:23,0
DA:26,0
DA:28,0
DA:29,0
DA:30,0
DA:31,0
DA:32,0
DA:33,0
DA:34,0
DA:35,0
DA:37,0
DA:41,0
DA:43,0
DA:44,0
DA:46,0
DA:47,0
DA:49,0
DA:51,0
DA:52,0
DA:53,0
DA:54,0
DA:55,0
DA:56,0
DA:57,0
DA:58,0
DA:60,0
DA:61,0
DA:63,0
DA:67,0
DA:69,0
DA:71,0
DA:72,0
DA:73,0
DA:74,0
DA:75,0
DA:76,0
DA:77,0
DA:78,0
DA:80,0
DA:81,0
DA:83,0
DA:87,0
DA:89,0
DA:90,0
DA:92,0
DA:93,0
DA:94,0
DA:95,0
DA:96,0
DA:97,0
DA:101,0
DA:102,0
DA:104,0
DA:115,0
DA:116,0
DA:118,0
DA:119,0
DA:121,0
DA:123,0
DA:125,0
DA:127,0
DA:140,0
DA:142,0
DA:144,0
DA:146,0
DA:148,0
DA:149,0
DA:150,0
DA:152,0
DA:153,0
DA:154,0
DA:157,0
DA:160,0
DA:162,0
DA:163,0
DA:164,0
DA:167,0
DA:173,0
LF:85
LH:0
end_of_record
SF:lib\presentation\pages\movie_detail_page.dart
DA:17,2
DA:19,1
DA:20,1
DA:24,1
DA:26,1
DA:27,2
DA:28,5
DA:29,5
DA:33,1
DA:35,1
DA:36,1
DA:37,1
DA:38,2
DA:42,2
DA:43,1
DA:44,1
DA:45,1
DA:47,1
DA:48,1
DA:52,2
DA:65,1
DA:67,1
DA:69,1
DA:71,3
DA:72,1
DA:73,1
DA:74,1
DA:75,3
DA:77,1
DA:81,1
DA:83,1
DA:84,1
DA:85,1
DA:95,1
DA:96,1
DA:97,1
DA:99,1
DA:101,1
DA:103,1
DA:104,1
DA:105,2
DA:106,1
DA:108,1
DA:109,1
DA:110,1
DA:111,2
DA:113,2
DA:115,2
DA:117,2
DA:121,1
DA:122,1
DA:123,1
DA:125,1
DA:128,1
DA:131,2
DA:132,2
DA:134,1
DA:136,1
DA:137,1
DA:138,1
DA:143,1
DA:145,1
DA:146,1
DA:153,1
DA:154,3
DA:156,1
DA:157,3
DA:159,1
DA:160,1
DA:161,1
DA:162,3
DA:164,1
DA:170,4
DA:174,1
DA:176,1
DA:178,1
DA:179,2
DA:182,1
DA:184,1
DA:186,1
DA:187,1
DA:188,2
DA:193,2
DA:195,1
DA:197,1
DA:199,1
DA:200,2
DA:201,1
DA:203,1
DA:204,0
DA:205,0
DA:208,0
DA:211,1
DA:216,1
DA:218,2
DA:219,1
DA:229,2
DA:233,0
DA:241,1
DA:243,1
DA:258,1
DA:260,1
DA:263,1
DA:265,0
DA:266,0
DA:275,1
DA:277,2
DA:278,3
DA:281,1
DA:285,3
DA:288,1
DA:289,1
DA:290,1
DA:292,1
DA:293,1
DA:295,0
LF:116
LH:109
end_of_record
SF:lib\presentation\pages\movie_search_page.dart
DA:9,0
DA:11,0
DA:12,0
DA:13,0
DA:15,0
DA:17,0
DA:19,0
DA:20,0
DA:21,0
DA:22,0
DA:24,0
DA:26,0
DA:27,0
DA:31,0
DA:32,0
DA:34,0
DA:36,0
DA:37,0
DA:38,0
DA:39,0
DA:40,0
DA:42,0
DA:43,0
DA:44,0
DA:45,0
DA:47,0
DA:48,0
DA:49,0
DA:51,0
DA:55,0
DA:56,0
LF:31
LH:0
end_of_record
SF:lib\presentation\pages\popular_movies_page.dart
DA:9,1
DA:10,1
DA:14,1
DA:16,1
DA:17,1
DA:18,4
DA:22,1
DA:24,1
DA:25,1
DA:26,1
DA:28,1
DA:30,1
DA:31,1
DA:32,2
DA:33,1
DA:34,1
DA:36,2
DA:37,1
DA:38,1
DA:39,2
DA:40,1
DA:42,2
DA:45,1
DA:46,1
DA:47,2
LF:25
LH:25
end_of_record
SF:lib\presentation\pages\top_rated_movies_page.dart
DA:9,1
DA:10,1
DA:14,1
DA:16,1
DA:17,1
DA:18,4
DA:22,1
DA:24,1
DA:25,1
DA:26,1
DA:28,1
DA:30,1
DA:31,1
DA:32,2
DA:33,1
DA:34,1
DA:36,2
DA:37,1
DA:38,1
DA:39,2
DA:40,1
DA:42,2
DA:45,1
DA:46,1
DA:47,2
LF:25
LH:25
end_of_record
SF:lib\presentation\pages\watchlist_movies_page.dart
DA:9,0
DA:10,0
DA:14,0
DA:16,0
DA:17,0
DA:18,0
DA:22,0
DA:24,0
DA:25,0
DA:26,0
DA:28,0
DA:30,0
DA:31,0
DA:32,0
DA:33,0
DA:34,0
DA:35,0
DA:36,0
DA:38,0
DA:39,0
DA:40,0
DA:41,0
DA:42,0
DA:44,0
DA:47,0
DA:48,0
DA:49,0
LF:27
LH:0
end_of_record
SF:lib\presentation\widgets\movie_card_list.dart
DA:11,2
DA:13,2
DA:15,2
DA:17,2
DA:18,0
DA:19,0
DA:22,0
DA:25,2
DA:27,2
DA:28,2
DA:29,2
DA:35,2
DA:37,2
DA:38,2
DA:39,4
DA:42,2
DA:44,2
DA:45,2
DA:46,4
DA:54,2
DA:59,2
DA:60,2
DA:61,6
DA:63,2
DA:66,0
DA:68,4
LF:26
LH:22
end_of_record
