SF:lib\data\models\tv_model.dart
DA:5,3
DA:35,2
DA:36,4
DA:37,4
DA:38,4
DA:39,4
DA:40,4
DA:41,4
DA:42,4
DA:43,6
DA:44,6
DA:45,4
DA:46,4
DA:47,4
DA:48,4
DA:51,1
DA:52,1
DA:54,2
DA:55,2
DA:56,2
DA:57,2
DA:58,2
DA:59,2
DA:60,2
DA:61,2
DA:62,2
DA:63,2
DA:64,2
DA:65,2
DA:66,2
DA:71,2
DA:72,2
DA:73,2
DA:74,2
DA:75,2
DA:76,2
DA:77,2
DA:78,2
DA:79,2
DA:80,2
DA:81,2
DA:82,2
DA:83,2
DA:84,2
DA:85,2
DA:89,2
DA:90,2
DA:91,2
DA:92,2
DA:93,2
DA:94,2
DA:95,2
DA:96,2
DA:97,2
DA:98,2
DA:99,2
DA:100,2
DA:101,2
DA:102,2
DA:103,2
LF:60
LH:60
end_of_record
SF:lib\domain\entities\tv.dart
DA:5,3
DA:21,1
DA:42,2
DA:43,2
DA:44,2
DA:45,2
DA:46,2
DA:47,2
DA:48,2
DA:49,2
DA:50,2
DA:51,2
DA:52,2
DA:53,2
DA:54,2
DA:55,2
DA:56,2
LF:17
LH:17
end_of_record
SF:lib\data\datasources\tv_remote_data_source.dart
DA:26,1
DA:29,1
DA:31,5
DA:33,2
DA:34,4
DA:36,1
DA:41,1
DA:42,5
DA:44,2
DA:45,3
DA:47,1
DA:52,1
DA:53,2
DA:54,3
DA:56,2
DA:57,4
DA:59,1
DA:64,1
DA:66,5
DA:68,2
DA:69,4
DA:71,1
DA:76,1
DA:78,5
DA:80,2
DA:81,4
DA:83,1
DA:88,1
DA:89,2
DA:90,3
DA:92,2
DA:93,4
DA:95,1
DA:100,1
DA:101,2
DA:102,3
DA:104,2
DA:105,3
DA:107,1
LF:39
LH:39
end_of_record
SF:lib\data\models\season_detail_model.dart
DA:6,3
DA:24,2
DA:25,4
DA:26,6
DA:27,6
DA:28,2
DA:29,4
DA:30,4
DA:31,4
DA:32,4
DA:33,4
DA:36,1
DA:37,1
DA:38,2
DA:39,6
DA:40,2
DA:41,2
DA:42,2
DA:43,2
DA:44,2
DA:48,2
DA:49,2
DA:50,2
DA:51,10
DA:52,2
DA:53,2
DA:54,2
DA:55,2
DA:56,2
DA:60,1
DA:61,1
DA:62,1
DA:63,1
DA:64,1
DA:65,1
DA:66,1
DA:67,1
DA:68,1
LF:38
LH:38
end_of_record
SF:lib\data\models\tv_detail_model.dart
DA:7,1
DA:59,2
DA:60,4
DA:61,6
DA:62,4
DA:63,2
DA:64,12
DA:65,2
DA:66,12
DA:67,4
DA:68,4
DA:69,4
DA:70,6
DA:71,4
DA:72,4
DA:73,4
DA:74,4
DA:75,6
DA:76,4
DA:77,4
DA:78,4
DA:79,4
DA:80,4
DA:81,4
DA:82,4
DA:83,4
DA:84,4
DA:85,4
DA:88,1
DA:89,1
DA:90,2
DA:91,2
DA:92,2
DA:93,6
DA:94,6
DA:95,2
DA:96,2
DA:97,2
DA:98,2
DA:99,2
DA:100,2
DA:101,2
DA:102,2
DA:103,2
DA:104,2
DA:105,2
DA:106,2
DA:107,2
DA:108,2
DA:109,2
DA:110,2
DA:111,2
DA:112,2
DA:113,2
DA:118,1
DA:119,1
DA:120,1
DA:121,1
DA:122,1
DA:123,5
DA:124,5
DA:125,1
DA:126,1
DA:127,1
DA:128,1
DA:129,1
DA:130,1
DA:131,1
DA:132,1
DA:133,1
DA:134,1
DA:135,1
DA:136,1
DA:137,1
DA:138,1
DA:139,1
DA:140,1
DA:141,1
DA:142,1
DA:143,1
DA:147,1
DA:148,1
DA:149,1
DA:150,1
DA:151,1
DA:152,1
DA:153,1
DA:154,1
DA:155,1
DA:156,1
DA:157,1
DA:158,1
DA:159,1
DA:160,1
DA:161,1
DA:162,1
DA:163,1
DA:164,1
DA:165,1
DA:166,1
DA:167,1
DA:168,1
DA:169,1
DA:170,1
DA:171,1
DA:172,1
LF:106
LH:106
end_of_record
SF:lib\data\models\tv_response.dart
DA:7,2
DA:9,4
DA:10,4
DA:11,6
DA:12,6
DA:15,2
DA:16,5
DA:19,1
DA:20,2
LF:9
LH:9
end_of_record
SF:lib\data\models\episode_model.dart
DA:5,3
DA:29,2
DA:30,4
DA:31,4
DA:32,4
DA:33,4
DA:34,4
DA:35,4
DA:36,4
DA:37,4
DA:38,4
DA:39,4
DA:42,1
DA:43,1
DA:44,2
DA:45,2
DA:46,2
DA:47,2
DA:48,2
DA:49,2
DA:50,2
DA:51,2
DA:52,2
DA:53,2
DA:57,2
DA:58,2
DA:59,2
DA:60,2
DA:61,2
DA:62,2
DA:63,2
DA:64,2
DA:65,2
DA:66,2
DA:67,2
DA:68,2
DA:72,1
DA:73,1
DA:74,1
DA:75,1
DA:76,1
DA:77,1
DA:78,1
DA:79,1
DA:80,1
DA:81,1
DA:82,1
DA:83,1
LF:48
LH:48
end_of_record
SF:lib\domain\entities\episode.dart
DA:4,2
DA:28,2
DA:29,2
DA:30,2
DA:31,2
DA:32,2
DA:33,2
DA:34,2
DA:35,2
DA:36,2
DA:37,2
DA:38,2
DA:39,2
LF:13
LH:13
end_of_record
SF:lib\domain\entities\season_detail.dart
DA:5,2
DA:23,2
DA:24,2
DA:25,2
DA:26,2
DA:27,2
DA:28,2
DA:29,2
DA:30,2
DA:31,2
LF:10
LH:10
end_of_record
SF:lib\data\models\season_model.dart
DA:5,1
DA:23,2
DA:24,4
DA:25,4
DA:26,4
DA:27,4
DA:28,4
DA:29,4
DA:30,4
DA:33,1
DA:34,1
DA:35,2
DA:36,2
DA:37,2
DA:38,2
DA:39,2
DA:40,2
DA:41,2
DA:45,1
DA:46,1
DA:47,1
DA:48,1
DA:49,1
DA:50,1
DA:51,1
DA:52,1
DA:53,1
DA:57,1
DA:58,1
DA:59,1
DA:60,1
DA:61,1
DA:62,1
DA:63,1
DA:64,1
DA:65,1
LF:36
LH:36
end_of_record
SF:lib\domain\entities\season.dart
DA:4,4
DA:22,1
DA:23,1
DA:24,1
DA:25,1
DA:26,1
DA:27,1
DA:28,1
DA:29,1
DA:30,1
LF:10
LH:10
end_of_record
SF:lib\domain\entities\tv_detail.dart
DA:6,4
DA:58,1
DA:59,1
DA:60,1
DA:61,1
DA:62,1
DA:63,1
DA:64,1
DA:65,1
DA:66,1
DA:67,1
DA:68,1
DA:69,1
DA:70,1
DA:71,1
DA:72,1
DA:73,1
DA:74,1
DA:75,1
DA:76,1
DA:77,1
DA:78,1
DA:79,1
DA:80,1
DA:81,1
DA:82,1
DA:83,1
LF:27
LH:27
end_of_record
SF:lib\data\repositories\tv_repository_impl.dart
DA:14,2
DA:15,1
DA:16,1
DA:17,1
DA:18,1
DA:22,2
DA:23,1
DA:24,1
DA:25,1
DA:26,1
DA:34,1
DA:40,1
DA:42,3
DA:43,5
DA:44,1
DA:45,2
DA:46,1
DA:47,2
DA:52,1
DA:54,3
DA:55,2
DA:56,1
DA:57,2
DA:58,1
DA:59,2
DA:64,1
DA:66,3
DA:67,3
DA:68,1
DA:69,2
DA:70,1
DA:71,2
DA:76,1
DA:78,3
DA:79,5
DA:80,1
DA:81,2
DA:82,1
DA:83,2
DA:88,1
DA:90,3
DA:91,5
DA:92,1
DA:93,2
DA:94,1
DA:95,2
DA:100,1
DA:102,3
DA:103,5
DA:104,1
DA:105,2
DA:106,1
DA:107,2
DA:112,1
DA:114,2
DA:115,2
DA:116,1
DA:117,1
DA:118,3
DA:125,1
DA:127,2
DA:128,2
DA:129,1
DA:130,1
DA:131,3
DA:136,1
DA:137,3
DA:142,1
DA:143,3
DA:144,5
DA:148,1
DA:153,3
DA:154,2
DA:155,1
DA:156,2
DA:157,1
DA:158,2
LF:77
LH:77
end_of_record
SF:lib\domain\usecases\get_now_playing_tvs.dart
DA:9,1
DA:11,1
DA:12,2
LF:3
LH:3
end_of_record
SF:lib\domain\usecases\get_popular_tvs.dart
DA:9,1
DA:11,1
DA:12,2
LF:3
LH:3
end_of_record
SF:lib\domain\usecases\get_top_rated_tvs.dart
DA:9,1
DA:11,1
DA:12,2
LF:3
LH:3
end_of_record
SF:lib\domain\usecases\get_tv_recommendations.dart
DA:9,1
DA:11,1
DA:12,2
LF:3
LH:3
end_of_record
SF:lib\domain\usecases\get_tv_detail.dart
DA:9,1
DA:11,1
DA:12,2
LF:3
LH:3
end_of_record
SF:lib\domain\usecases\get_tv_season_detail.dart
DA:9,1
DA:11,1
DA:12,2
LF:3
LH:3
end_of_record
SF:lib\domain\usecases\search_tvs.dart
DA:9,1
DA:11,1
DA:12,2
LF:3
LH:3
end_of_record
SF:lib\domain\usecases\watchlist\get_tv_watchlist_status.dart
DA:6,1
DA:8,1
DA:9,2
LF:3
LH:3
end_of_record
SF:lib\domain\usecases\watchlist\get_watchlist_tvs.dart
DA:9,1
DA:11,1
DA:12,2
LF:3
LH:3
end_of_record
SF:lib\domain\usecases\watchlist\remove_tv_watchlist.dart
DA:9,1
DA:11,1
DA:12,2
LF:3
LH:3
end_of_record
SF:lib\domain\usecases\watchlist\save_tv_watchlist.dart
DA:9,1
DA:11,1
DA:12,2
LF:3
LH:3
end_of_record
