SF:lib/data/datasources/movie_remote_data_source.dart
DA:19,1
DA:22,1
DA:23,4
DA:26,2
DA:27,4
DA:29,1
DA:34,1
DA:35,4
DA:36,1
DA:38,2
DA:39,3
DA:41,1
DA:45,0
DA:48,0
LF:14
LH:12
end_of_record
SF:lib/data/models/movie_detail_model.dart
DA:6,2
DA:28,2
DA:74,1
DA:75,1
DA:76,1
DA:77,1
DA:78,1
DA:79,1
DA:80,4
DA:81,1
DA:82,1
DA:83,1
DA:84,1
DA:85,1
DA:86,1
DA:87,2
DA:88,1
DA:89,1
DA:90,1
DA:91,1
DA:92,1
DA:93,1
DA:94,1
DA:95,1
DA:96,2
DA:97,1
DA:100,0
DA:101,0
DA:102,0
DA:103,0
DA:104,0
DA:105,0
DA:106,0
DA:107,0
DA:108,0
DA:109,0
DA:110,0
DA:111,0
DA:112,0
DA:113,0
DA:114,0
DA:115,0
DA:116,0
DA:117,0
DA:118,0
DA:119,0
DA:120,0
DA:121,0
DA:124,2
DA:127,1
DA:128,1
DA:129,3
DA:130,3
DA:131,3
DA:132,3
DA:133,3
DA:134,3
DA:135,3
DA:136,3
DA:137,3
DA:138,3
DA:139,3
DA:140,3
DA:141,3
DA:142,3
DA:143,3
DA:144,3
DA:145,3
DA:146,3
DA:147,3
DA:148,3
DA:149,3
DA:150,3
DA:152,0
DA:154,0
DA:155,0
DA:156,0
DA:157,0
DA:158,0
DA:159,0
DA:160,0
DA:161,0
DA:162,0
DA:163,0
DA:164,0
DA:165,0
DA:166,0
DA:167,0
DA:168,0
DA:169,0
DA:170,0
DA:171,0
DA:172,0
DA:173,0
DA:174,0
DA:175,0
LF:96
LH:51
end_of_record
SF:lib/data/models/movie_response_model.dart
DA:7,2
DA:9,4
DA:10,2
DA:11,8
DA:14,2
DA:15,5
DA:18,1
DA:21,1
DA:22,3
DA:23,3
DA:25,0
DA:26,0
LF:12
LH:10
end_of_record
SF:lib/data/models/movie_model.dart
DA:5,3
DA:19,3
DA:49,4
DA:50,2
DA:51,2
DA:52,8
DA:53,2
DA:54,2
DA:55,2
DA:56,4
DA:57,2
DA:58,2
DA:59,2
DA:60,2
DA:61,4
DA:62,2
DA:65,2
DA:66,1
DA:67,1
DA:68,4
DA:69,1
DA:70,1
DA:71,1
DA:72,1
DA:73,1
DA:74,1
DA:75,1
DA:76,1
DA:77,1
DA:78,1
DA:81,2
DA:84,2
DA:85,2
DA:86,6
DA:87,6
DA:88,6
DA:89,6
DA:90,6
DA:91,6
DA:92,6
DA:93,6
DA:94,6
DA:95,6
DA:96,6
DA:97,6
DA:98,6
DA:99,6
DA:101,0
DA:103,0
DA:104,0
DA:105,0
DA:106,0
DA:107,0
DA:108,0
DA:109,0
DA:110,0
DA:111,0
DA:112,0
DA:113,0
DA:114,0
DA:115,0
DA:116,0
LF:62
LH:47
end_of_record
SF:lib/domain/entities/movie.dart
DA:4,4
DA:34,2
DA:37,2
DA:38,6
DA:39,6
DA:40,6
DA:41,6
DA:42,6
DA:43,6
DA:44,6
DA:45,6
DA:46,6
DA:47,6
DA:48,6
DA:49,6
DA:50,6
DA:51,6
DA:53,0
DA:55,0
DA:56,0
DA:57,0
DA:58,0
DA:59,0
DA:60,0
DA:61,0
DA:62,0
DA:63,0
DA:64,0
DA:65,0
DA:66,0
DA:67,0
LF:31
LH:17
end_of_record
SF:lib/domain/entities/movie_detail.dart
DA:5,4
DA:51,3
DA:54,1
DA:55,3
DA:56,3
DA:57,3
DA:58,3
DA:59,3
DA:60,3
DA:61,3
DA:62,3
DA:63,3
DA:64,3
DA:65,3
DA:66,3
DA:67,3
DA:68,3
DA:69,3
DA:70,3
DA:71,3
DA:72,3
DA:73,3
DA:74,3
DA:75,3
DA:76,3
DA:78,0
DA:80,0
DA:81,0
DA:82,0
DA:83,0
DA:84,0
DA:85,0
DA:86,0
DA:87,0
DA:88,0
DA:89,0
DA:90,0
DA:91,0
DA:92,0
DA:93,0
DA:94,0
DA:95,0
DA:96,0
DA:97,0
DA:98,0
DA:99,0
DA:100,0
LF:47
LH:25
end_of_record
SF:lib/data/models/genre_model.dart
DA:4,2
DA:7,2
DA:12,2
DA:13,1
DA:14,1
DA:17,0
DA:18,0
DA:19,0
DA:22,1
DA:25,1
DA:26,1
DA:27,3
DA:28,3
DA:29,3
DA:31,0
DA:32,0
LF:16
LH:11
end_of_record
SF:lib/domain/entities/genre.dart
DA:2,4
DA:10,1
DA:13,1
DA:14,3
DA:15,3
DA:16,3
DA:18,0
DA:19,0
LF:8
LH:6
end_of_record
SF:lib/data/repositories/movie_repository_impl.dart
DA:14,1
DA:17,1
DA:19,4
DA:20,1
DA:21,2
DA:22,1
DA:23,2
DA:28,1
DA:30,4
DA:31,1
DA:32,2
DA:33,1
DA:34,2
DA:39,1
DA:41,4
DA:42,1
DA:43,2
DA:44,1
DA:45,2
LF:19
LH:19
end_of_record
SF:lib/failure.dart
DA:4,3
DA:6,1
DA:9,1
DA:10,3
DA:11,3
DA:13,0
DA:14,0
DA:18,6
DA:22,2
LF:9
LH:7
end_of_record
SF:lib/domain/usecases/get_movie_recommendations.dart
DA:9,1
DA:11,1
DA:12,2
LF:3
LH:3
end_of_record
SF:lib/domain/usecases/get_movie_detail.dart
DA:9,1
DA:11,1
DA:12,2
LF:3
LH:3
end_of_record
SF:lib/domain/usecases/get_now_playing_movies.dart
DA:9,1
DA:11,1
DA:12,2
LF:3
LH:3
end_of_record
SF:lib/presentation/provider/movie_detail_provider.dart
DA:9,1
DA:12,2
DA:15,2
DA:18,2
DA:20,1
DA:21,1
DA:22,1
DA:23,3
DA:24,1
DA:25,1
DA:26,1
DA:27,2
DA:28,1
DA:30,1
DA:31,1
DA:32,1
DA:33,1
LF:17
LH:17
end_of_record
SF:lib/presentation/provider/movie_provider.dart
DA:5,2
DA:9,2
DA:12,2
DA:15,2
DA:17,1
DA:21,1
DA:22,1
DA:23,1
DA:25,3
DA:26,1
DA:27,1
DA:28,1
DA:29,2
DA:30,1
DA:32,1
DA:33,1
DA:34,1
DA:35,1
LF:18
LH:18
end_of_record
